<?xml version="1.0" encoding="UTF-8"?>
<coverage generated="1770033109140" clover="3.2.0">
  <project timestamp="1770033109140" name="All files">
    <metrics statements="195" coveredstatements="187" conditionals="136" coveredconditionals="125" methods="31" coveredmethods="30" elements="362" coveredelements="342" complexity="0" loc="195" ncloc="195" packages="1" files="1" classes="1"/>
    <file name="main.ts" path="/Users/alexm/github/alexmensch/obsidian-cloudflare-kv-sync/main.ts">
      <metrics statements="195" coveredstatements="187" conditionals="136" coveredconditionals="125" methods="31" coveredmethods="30"/>
      <line num="1" count="11" type="stmt"/>
      <line num="37" count="11" type="stmt"/>
      <line num="47" count="11" type="stmt"/>
      <line num="51" count="11" type="stmt"/>
      <line num="55" count="11" type="stmt"/>
      <line num="57" count="0" type="stmt"/>
      <line num="58" count="0" type="stmt"/>
      <line num="60" count="11" type="stmt"/>
      <line num="61" count="0" type="stmt"/>
      <line num="64" count="3" type="stmt"/>
      <line num="65" count="3" type="stmt"/>
      <line num="66" count="2" type="stmt"/>
      <line num="67" count="2" type="stmt"/>
      <line num="68" count="2" type="stmt"/>
      <line num="70" count="1" type="stmt"/>
      <line num="71" count="1" type="stmt"/>
      <line num="74" count="1" type="stmt"/>
      <line num="77" count="2" type="cond" truecount="1" falsecount="1"/>
      <line num="78" count="2" type="stmt"/>
      <line num="79" count="2" type="stmt"/>
      <line num="84" count="9" type="stmt"/>
      <line num="85" count="1" type="stmt"/>
      <line num="86" count="1" type="stmt"/>
      <line num="89" count="9" type="stmt"/>
      <line num="93" count="2" type="stmt"/>
      <line num="94" count="2" type="cond" truecount="2" falsecount="0"/>
      <line num="95" count="1" type="stmt"/>
      <line num="97" count="1" type="stmt"/>
      <line num="102" count="9" type="stmt"/>
      <line num="106" count="1" type="stmt"/>
      <line num="107" count="1" type="stmt"/>
      <line num="113" count="6" type="cond" truecount="2" falsecount="0"/>
      <line num="114" count="3" type="stmt"/>
      <line num="116" count="2" type="cond" truecount="4" falsecount="0"/>
      <line num="117" count="1" type="stmt"/>
      <line num="125" count="15" type="stmt"/>
      <line num="126" count="15" type="cond" truecount="2" falsecount="0"/>
      <line num="127" count="5" type="stmt"/>
      <line num="130" count="15" type="stmt"/>
      <line num="131" count="10" type="stmt"/>
      <line num="133" count="1" type="stmt"/>
      <line num="136" count="10" type="stmt"/>
      <line num="140" count="15" type="stmt"/>
      <line num="143" count="17" type="cond" truecount="1" falsecount="0"/>
      <line num="144" count="17" type="cond" truecount="2" falsecount="0"/>
      <line num="145" count="1" type="stmt"/>
      <line num="148" count="16" type="stmt"/>
      <line num="149" count="15" type="stmt"/>
      <line num="151" count="15" type="cond" truecount="2" falsecount="0"/>
      <line num="152" count="1" type="cond" truecount="1" falsecount="1"/>
      <line num="153" count="14" type="cond" truecount="1" falsecount="1"/>
      <line num="154" count="14" type="stmt"/>
      <line num="156" count="14" type="cond" truecount="2" falsecount="0"/>
      <line num="157" count="13" type="cond" truecount="2" falsecount="0"/>
      <line num="159" count="1" type="cond" truecount="1" falsecount="1"/>
      <line num="165" count="11" type="cond" truecount="2" falsecount="0"/>
      <line num="166" count="1" type="stmt"/>
      <line num="169" count="10" type="stmt"/>
      <line num="171" count="10" type="stmt"/>
      <line num="173" count="10" type="stmt"/>
      <line num="174" count="10" type="stmt"/>
      <line num="176" count="10" type="stmt"/>
      <line num="177" count="13" type="stmt"/>
      <line num="179" count="13" type="cond" truecount="2" falsecount="0"/>
      <line num="180" count="11" type="cond" truecount="2" falsecount="0"/>
      <line num="181" count="10" type="cond" truecount="2" falsecount="0"/>
      <line num="182" count="7" type="stmt"/>
      <line num="184" count="3" type="stmt"/>
      <line num="185" count="3" type="stmt"/>
      <line num="187" count="1" type="cond" truecount="1" falsecount="1"/>
      <line num="188" count="1" type="stmt"/>
      <line num="189" count="1" type="stmt"/>
      <line num="194" count="10" type="stmt"/>
      <line num="196" count="10" type="stmt"/>
      <line num="200" count="47" type="stmt"/>
      <line num="201" count="47" type="stmt"/>
      <line num="202" count="47" type="cond" truecount="4" falsecount="0"/>
      <line num="203" count="47" type="cond" truecount="4" falsecount="0"/>
      <line num="204" count="47" type="stmt"/>
      <line num="205" count="47" type="stmt"/>
      <line num="207" count="47" type="cond" truecount="6" falsecount="0"/>
      <line num="209" count="3" type="stmt"/>
      <line num="210" count="3" type="stmt"/>
      <line num="211" count="3" type="cond" truecount="1" falsecount="1"/>
      <line num="212" count="3" type="stmt"/>
      <line num="214" count="44" type="cond" truecount="2" falsecount="0"/>
      <line num="215" count="1" type="stmt"/>
      <line num="216" count="1" type="stmt"/>
      <line num="218" count="43" type="cond" truecount="2" falsecount="0"/>
      <line num="219" count="39" type="cond" truecount="2" falsecount="0"/>
      <line num="220" count="3" type="stmt"/>
      <line num="221" count="3" type="stmt"/>
      <line num="224" count="36" type="stmt"/>
      <line num="226" count="36" type="cond" truecount="1" falsecount="1"/>
      <line num="228" count="36" type="stmt"/>
      <line num="230" count="36" type="cond" truecount="4" falsecount="0"/>
      <line num="232" count="4" type="stmt"/>
      <line num="234" count="4" type="cond" truecount="2" falsecount="0"/>
      <line num="235" count="2" type="stmt"/>
      <line num="236" count="2" type="stmt"/>
      <line num="238" count="2" type="stmt"/>
      <line num="241" count="34" type="stmt"/>
      <line num="243" count="33" type="cond" truecount="2" falsecount="0"/>
      <line num="245" count="0" type="cond" truecount="0" falsecount="2"/>
      <line num="247" count="0" type="stmt"/>
      <line num="248" count="0" type="stmt"/>
      <line num="250" count="0" type="cond" truecount="0" falsecount="2"/>
      <line num="253" count="33" type="stmt"/>
      <line num="257" count="13" type="stmt"/>
      <line num="259" count="13" type="stmt"/>
      <line num="260" count="20" type="stmt"/>
      <line num="261" count="20" type="cond" truecount="4" falsecount="0"/>
      <line num="262" count="16" type="stmt"/>
      <line num="265" count="13" type="stmt"/>
      <line num="266" count="13" type="stmt"/>
      <line num="268" count="13" type="stmt"/>
      <line num="269" count="16" type="stmt"/>
      <line num="270" count="16" type="cond" truecount="2" falsecount="0"/>
      <line num="271" count="12" type="stmt"/>
      <line num="272" count="12" type="stmt"/>
      <line num="274" count="4" type="stmt"/>
      <line num="275" count="4" type="stmt"/>
      <line num="279" count="13" type="stmt"/>
      <line num="281" count="13" type="cond" truecount="4" falsecount="0"/>
      <line num="282" count="8" type="stmt"/>
      <line num="291" count="60" type="stmt"/>
      <line num="292" count="60" type="stmt"/>
      <line num="294" count="59" type="stmt"/>
      <line num="295" count="59" type="cond" truecount="2" falsecount="0"/>
      <line num="297" count="54" type="stmt"/>
      <line num="298" count="54" type="stmt"/>
      <line num="299" count="53" type="cond" truecount="5" falsecount="0"/>
      <line num="300" count="50" type="stmt"/>
      <line num="301" count="3" type="stmt"/>
      <line num="303" count="1" type="stmt"/>
      <line num="304" count="1" type="stmt"/>
      <line num="307" count="1" type="stmt"/>
      <line num="308" count="1" type="stmt"/>
      <line num="313" count="50" type="stmt"/>
      <line num="314" count="50" type="stmt"/>
      <line num="316" count="50" type="cond" truecount="2" falsecount="0"/>
      <line num="320" count="60" type="cond" truecount="2" falsecount="0"/>
      <line num="321" count="21" type="cond" truecount="2" falsecount="0"/>
      <line num="322" count="13" type="stmt"/>
      <line num="326" count="157" type="cond" truecount="4" falsecount="0"/>
      <line num="334" count="73" type="stmt"/>
      <line num="335" count="73" type="stmt"/>
      <line num="337" count="73" type="stmt"/>
      <line num="347" count="70" type="stmt"/>
      <line num="348" count="69" type="cond" truecount="5" falsecount="0"/>
      <line num="349" count="68" type="stmt"/>
      <line num="350" count="68" type="cond" truecount="2" falsecount="0"/>
      <line num="351" count="16" type="stmt"/>
      <line num="353" count="52" type="stmt"/>
      <line num="355" count="1" type="stmt"/>
      <line num="364" count="36" type="stmt"/>
      <line num="371" count="25" type="stmt"/>
      <line num="378" count="172" type="stmt"/>
      <line num="379" count="171" type="cond" truecount="2" falsecount="0"/>
      <line num="380" count="1" type="stmt"/>
      <line num="382" count="170" type="cond" truecount="5" falsecount="0"/>
      <line num="383" count="167" type="stmt"/>
      <line num="384" count="167" type="stmt"/>
      <line num="386" count="3" type="stmt"/>
      <line num="394" count="2" type="stmt"/>
      <line num="398" count="33" type="cond" truecount="2" falsecount="0"/>
      <line num="403" count="3" type="stmt"/>
      <line num="404" count="3" type="stmt"/>
      <line num="407" count="30" type="cond" truecount="2" falsecount="0"/>
      <line num="408" count="3" type="stmt"/>
      <line num="411" count="3" type="stmt"/>
      <line num="414" count="27" type="stmt"/>
      <line num="418" count="172" type="stmt"/>
      <line num="419" count="172" type="stmt"/>
      <line num="422" count="170" type="stmt"/>
      <line num="423" count="169" type="cond" truecount="5" falsecount="0"/>
      <line num="424" count="167" type="stmt"/>
      <line num="425" count="167" type="stmt"/>
      <line num="427" count="2" type="stmt"/>
      <line num="432" count="5" type="cond" truecount="4" falsecount="0"/>
      <line num="433" count="1" type="stmt"/>
      <line num="435" count="4" type="stmt"/>
      <line num="439" count="168" type="stmt"/>
      <line num="440" count="168" type="stmt"/>
      <line num="443" count="0" type="stmt"/>
      <line num="448" count="45" type="stmt"/>
      <line num="449" count="45" type="stmt"/>
      <line num="451" count="45" type="stmt"/>
      <line num="452" count="45" type="stmt"/>
      <line num="457" count="1" type="stmt"/>
      <line num="462" count="3" type="cond" truecount="2" falsecount="0"/>
      <line num="467" count="2" type="stmt"/>
      <line num="472" count="3" type="stmt"/>
      <line num="473" count="3" type="stmt"/>
      <line num="475" count="3" type="stmt"/>
    </file>
  </project>
</coverage>
