<?xml version="1.0" encoding="UTF-8"?>
<coverage generated="1770033796053" clover="3.2.0">
  <project timestamp="1770033796053" name="All files">
    <metrics statements="190" coveredstatements="186" conditionals="130" coveredconditionals="124" methods="31" coveredmethods="30" elements="351" coveredelements="340" complexity="0" loc="190" ncloc="190" packages="1" files="1" classes="1"/>
    <file name="main.ts" path="/Users/alexm/github/alexmensch/obsidian-cloudflare-kv-sync/main.ts">
      <metrics statements="190" coveredstatements="186" conditionals="130" coveredconditionals="124" methods="31" coveredmethods="30"/>
      <line num="1" count="11" type="stmt"/>
      <line num="37" count="11" type="stmt"/>
      <line num="47" count="11" type="stmt"/>
      <line num="51" count="11" type="stmt"/>
      <line num="55" count="11" type="stmt"/>
      <line num="57" count="0" type="stmt"/>
      <line num="58" count="0" type="stmt"/>
      <line num="60" count="11" type="stmt"/>
      <line num="61" count="0" type="stmt"/>
      <line num="64" count="3" type="stmt"/>
      <line num="65" count="3" type="stmt"/>
      <line num="66" count="2" type="stmt"/>
      <line num="67" count="2" type="stmt"/>
      <line num="68" count="2" type="stmt"/>
      <line num="70" count="1" type="stmt"/>
      <line num="71" count="1" type="stmt"/>
      <line num="74" count="1" type="stmt"/>
      <line num="77" count="2" type="cond" truecount="1" falsecount="1"/>
      <line num="78" count="2" type="stmt"/>
      <line num="79" count="2" type="stmt"/>
      <line num="84" count="9" type="stmt"/>
      <line num="85" count="1" type="stmt"/>
      <line num="86" count="1" type="stmt"/>
      <line num="89" count="9" type="stmt"/>
      <line num="93" count="2" type="stmt"/>
      <line num="94" count="2" type="cond" truecount="2" falsecount="0"/>
      <line num="95" count="1" type="stmt"/>
      <line num="97" count="1" type="stmt"/>
      <line num="102" count="9" type="stmt"/>
      <line num="106" count="1" type="stmt"/>
      <line num="107" count="1" type="stmt"/>
      <line num="113" count="6" type="cond" truecount="2" falsecount="0"/>
      <line num="114" count="3" type="stmt"/>
      <line num="116" count="2" type="cond" truecount="4" falsecount="0"/>
      <line num="117" count="1" type="stmt"/>
      <line num="125" count="15" type="stmt"/>
      <line num="126" count="15" type="cond" truecount="2" falsecount="0"/>
      <line num="127" count="5" type="stmt"/>
      <line num="130" count="15" type="stmt"/>
      <line num="131" count="10" type="stmt"/>
      <line num="133" count="1" type="stmt"/>
      <line num="136" count="10" type="stmt"/>
      <line num="140" count="15" type="stmt"/>
      <line num="143" count="17" type="cond" truecount="1" falsecount="0"/>
      <line num="144" count="17" type="cond" truecount="2" falsecount="0"/>
      <line num="145" count="1" type="stmt"/>
      <line num="148" count="16" type="stmt"/>
      <line num="149" count="15" type="stmt"/>
      <line num="151" count="15" type="cond" truecount="2" falsecount="0"/>
      <line num="152" count="1" type="cond" truecount="1" falsecount="1"/>
      <line num="153" count="14" type="cond" truecount="1" falsecount="1"/>
      <line num="154" count="14" type="stmt"/>
      <line num="156" count="14" type="cond" truecount="2" falsecount="0"/>
      <line num="157" count="13" type="cond" truecount="2" falsecount="0"/>
      <line num="159" count="1" type="cond" truecount="1" falsecount="1"/>
      <line num="165" count="11" type="cond" truecount="2" falsecount="0"/>
      <line num="166" count="1" type="stmt"/>
      <line num="169" count="10" type="stmt"/>
      <line num="171" count="10" type="stmt"/>
      <line num="173" count="10" type="stmt"/>
      <line num="174" count="10" type="stmt"/>
      <line num="176" count="10" type="stmt"/>
      <line num="177" count="13" type="stmt"/>
      <line num="179" count="13" type="cond" truecount="2" falsecount="0"/>
      <line num="180" count="11" type="cond" truecount="2" falsecount="0"/>
      <line num="181" count="10" type="cond" truecount="2" falsecount="0"/>
      <line num="182" count="7" type="stmt"/>
      <line num="184" count="3" type="stmt"/>
      <line num="185" count="3" type="stmt"/>
      <line num="187" count="1" type="cond" truecount="1" falsecount="1"/>
      <line num="188" count="1" type="stmt"/>
      <line num="189" count="1" type="stmt"/>
      <line num="194" count="10" type="stmt"/>
      <line num="196" count="10" type="stmt"/>
      <line num="200" count="47" type="stmt"/>
      <line num="201" count="47" type="stmt"/>
      <line num="202" count="47" type="cond" truecount="4" falsecount="0"/>
      <line num="203" count="47" type="cond" truecount="4" falsecount="0"/>
      <line num="204" count="47" type="stmt"/>
      <line num="205" count="47" type="stmt"/>
      <line num="207" count="47" type="cond" truecount="6" falsecount="0"/>
      <line num="209" count="3" type="stmt"/>
      <line num="210" count="3" type="stmt"/>
      <line num="211" count="3" type="cond" truecount="1" falsecount="1"/>
      <line num="212" count="3" type="stmt"/>
      <line num="214" count="44" type="cond" truecount="2" falsecount="0"/>
      <line num="215" count="1" type="stmt"/>
      <line num="216" count="1" type="stmt"/>
      <line num="218" count="43" type="cond" truecount="2" falsecount="0"/>
      <line num="219" count="39" type="cond" truecount="2" falsecount="0"/>
      <line num="220" count="3" type="stmt"/>
      <line num="221" count="3" type="stmt"/>
      <line num="224" count="36" type="stmt"/>
      <line num="227" count="36" type="stmt"/>
      <line num="229" count="36" type="cond" truecount="4" falsecount="0"/>
      <line num="231" count="4" type="stmt"/>
      <line num="233" count="4" type="cond" truecount="2" falsecount="0"/>
      <line num="234" count="2" type="stmt"/>
      <line num="235" count="2" type="stmt"/>
      <line num="237" count="2" type="stmt"/>
      <line num="240" count="34" type="stmt"/>
      <line num="242" count="33" type="cond" truecount="2" falsecount="0"/>
      <line num="244" count="33" type="stmt"/>
      <line num="248" count="13" type="stmt"/>
      <line num="250" count="13" type="stmt"/>
      <line num="251" count="20" type="stmt"/>
      <line num="252" count="20" type="cond" truecount="4" falsecount="0"/>
      <line num="253" count="16" type="stmt"/>
      <line num="256" count="13" type="stmt"/>
      <line num="257" count="13" type="stmt"/>
      <line num="259" count="13" type="stmt"/>
      <line num="260" count="16" type="stmt"/>
      <line num="261" count="16" type="cond" truecount="2" falsecount="0"/>
      <line num="262" count="12" type="stmt"/>
      <line num="263" count="12" type="stmt"/>
      <line num="265" count="4" type="stmt"/>
      <line num="266" count="4" type="stmt"/>
      <line num="270" count="13" type="stmt"/>
      <line num="272" count="13" type="cond" truecount="4" falsecount="0"/>
      <line num="273" count="8" type="stmt"/>
      <line num="282" count="60" type="stmt"/>
      <line num="283" count="60" type="stmt"/>
      <line num="285" count="59" type="stmt"/>
      <line num="286" count="59" type="cond" truecount="2" falsecount="0"/>
      <line num="288" count="54" type="stmt"/>
      <line num="289" count="54" type="stmt"/>
      <line num="290" count="53" type="cond" truecount="5" falsecount="0"/>
      <line num="291" count="50" type="stmt"/>
      <line num="292" count="3" type="stmt"/>
      <line num="294" count="1" type="stmt"/>
      <line num="295" count="1" type="stmt"/>
      <line num="298" count="1" type="stmt"/>
      <line num="299" count="1" type="stmt"/>
      <line num="304" count="50" type="stmt"/>
      <line num="305" count="50" type="stmt"/>
      <line num="307" count="50" type="cond" truecount="2" falsecount="0"/>
      <line num="311" count="60" type="cond" truecount="2" falsecount="0"/>
      <line num="312" count="21" type="cond" truecount="2" falsecount="0"/>
      <line num="313" count="13" type="stmt"/>
      <line num="317" count="157" type="cond" truecount="4" falsecount="0"/>
      <line num="325" count="73" type="stmt"/>
      <line num="326" count="73" type="stmt"/>
      <line num="328" count="73" type="stmt"/>
      <line num="338" count="70" type="stmt"/>
      <line num="339" count="69" type="cond" truecount="5" falsecount="0"/>
      <line num="340" count="68" type="stmt"/>
      <line num="341" count="68" type="cond" truecount="2" falsecount="0"/>
      <line num="342" count="16" type="stmt"/>
      <line num="344" count="52" type="stmt"/>
      <line num="346" count="1" type="stmt"/>
      <line num="355" count="36" type="stmt"/>
      <line num="362" count="25" type="stmt"/>
      <line num="369" count="172" type="stmt"/>
      <line num="370" count="171" type="cond" truecount="2" falsecount="0"/>
      <line num="371" count="1" type="stmt"/>
      <line num="373" count="170" type="cond" truecount="5" falsecount="0"/>
      <line num="374" count="167" type="stmt"/>
      <line num="375" count="167" type="stmt"/>
      <line num="377" count="3" type="stmt"/>
      <line num="385" count="2" type="stmt"/>
      <line num="389" count="33" type="cond" truecount="2" falsecount="0"/>
      <line num="394" count="3" type="stmt"/>
      <line num="395" count="3" type="stmt"/>
      <line num="398" count="30" type="cond" truecount="2" falsecount="0"/>
      <line num="399" count="3" type="stmt"/>
      <line num="402" count="3" type="stmt"/>
      <line num="405" count="27" type="stmt"/>
      <line num="409" count="172" type="stmt"/>
      <line num="410" count="172" type="stmt"/>
      <line num="413" count="170" type="stmt"/>
      <line num="414" count="169" type="cond" truecount="5" falsecount="0"/>
      <line num="415" count="167" type="stmt"/>
      <line num="416" count="167" type="stmt"/>
      <line num="418" count="2" type="stmt"/>
      <line num="423" count="5" type="cond" truecount="4" falsecount="0"/>
      <line num="424" count="1" type="stmt"/>
      <line num="426" count="4" type="stmt"/>
      <line num="430" count="168" type="stmt"/>
      <line num="431" count="168" type="stmt"/>
      <line num="434" count="0" type="stmt"/>
      <line num="439" count="45" type="stmt"/>
      <line num="440" count="45" type="stmt"/>
      <line num="442" count="45" type="stmt"/>
      <line num="443" count="45" type="stmt"/>
      <line num="448" count="1" type="stmt"/>
      <line num="453" count="3" type="cond" truecount="2" falsecount="0"/>
      <line num="458" count="2" type="stmt"/>
      <line num="463" count="3" type="stmt"/>
      <line num="464" count="3" type="stmt"/>
      <line num="466" count="3" type="stmt"/>
    </file>
  </project>
</coverage>
