{"/Users/alexm/github/alexmensch/obsidian-cloudflare-kv-sync/main.ts": {"path":"/Users/alexm/github/alexmensch/obsidian-cloudflare-kv-sync/main.ts","statementMap":{"0":{"start":{"line":1,"column":0},"end":{"line":1,"column":null}},"1":{"start":{"line":37,"column":47},"end":{"line":45,"column":2}},"2":{"start":{"line":47,"column":41},"end":{"line":49,"column":2}},"3":{"start":{"line":51,"column":40},"end":{"line":53,"column":2}},"4":{"start":{"line":57,"column":10},"end":{"line":57,"column":64}},"5":{"start":{"line":58,"column":10},"end":{"line":58,"column":55}},"6":{"start":{"line":61,"column":10},"end":{"line":61,"column":45}},"7":{"start":{"line":64,"column":4},"end":{"line":75,"column":5}},"8":{"start":{"line":65,"column":6},"end":{"line":65,"column":32}},"9":{"start":{"line":66,"column":6},"end":{"line":66,"column":29}},"10":{"start":{"line":67,"column":6},"end":{"line":67,"column":70}},"11":{"start":{"line":68,"column":6},"end":{"line":68,"column":36}},"12":{"start":{"line":70,"column":6},"end":{"line":70,"column":58}},"13":{"start":{"line":71,"column":6},"end":{"line":73,"column":8}},"14":{"start":{"line":74,"column":6},"end":{"line":74,"column":13}},"15":{"start":{"line":77,"column":4},"end":{"line":80,"column":5}},"16":{"start":{"line":78,"column":6},"end":{"line":78,"column":30}},"17":{"start":{"line":79,"column":6},"end":{"line":79,"column":28}},"18":{"start":{"line":84,"column":4},"end":{"line":87,"column":7}},"19":{"start":{"line":85,"column":6},"end":{"line":85,"column":31}},"20":{"start":{"line":86,"column":6},"end":{"line":86,"column":40}},"21":{"start":{"line":89,"column":4},"end":{"line":100,"column":7}},"22":{"start":{"line":93,"column":27},"end":{"line":93,"column":61}},"23":{"start":{"line":94,"column":8},"end":{"line":98,"column":9}},"24":{"start":{"line":95,"column":10},"end":{"line":95,"column":53}},"25":{"start":{"line":97,"column":10},"end":{"line":97,"column":47}},"26":{"start":{"line":102,"column":4},"end":{"line":109,"column":7}},"27":{"start":{"line":106,"column":8},"end":{"line":106,"column":33}},"28":{"start":{"line":107,"column":8},"end":{"line":107,"column":42}},"29":{"start":{"line":113,"column":4},"end":{"line":121,"column":5}},"30":{"start":{"line":114,"column":6},"end":{"line":120,"column":8}},"31":{"start":{"line":116,"column":10},"end":{"line":118,"column":11}},"32":{"start":{"line":117,"column":12},"end":{"line":117,"column":41}},"33":{"start":{"line":125,"column":28},"end":{"line":125,"column":60}},"34":{"start":{"line":126,"column":4},"end":{"line":128,"column":5}},"35":{"start":{"line":127,"column":6},"end":{"line":127,"column":36}},"36":{"start":{"line":130,"column":20},"end":{"line":138,"column":42}},"37":{"start":{"line":131,"column":6},"end":{"line":137,"column":11}},"38":{"start":{"line":133,"column":10},"end":{"line":133,"column":59}},"39":{"start":{"line":136,"column":10},"end":{"line":136,"column":46}},"40":{"start":{"line":140,"column":4},"end":{"line":140,"column":46}},"41":{"start":{"line":143,"column":31},"end":{"line":162,"column":null}},"42":{"start":{"line":144,"column":4},"end":{"line":146,"column":5}},"43":{"start":{"line":145,"column":6},"end":{"line":145,"column":13}},"44":{"start":{"line":148,"column":23},"end":{"line":148,"column":48}},"45":{"start":{"line":149,"column":4},"end":{"line":149,"column":27}},"46":{"start":{"line":151,"column":4},"end":{"line":161,"column":5}},"47":{"start":{"line":152,"column":6},"end":{"line":152,"column":64}},"48":{"start":{"line":152,"column":25},"end":{"line":152,"column":64}},"49":{"start":{"line":153,"column":11},"end":{"line":161,"column":5}},"50":{"start":{"line":154,"column":19},"end":{"line":154,"column":34}},"51":{"start":{"line":156,"column":6},"end":{"line":160,"column":7}},"52":{"start":{"line":157,"column":8},"end":{"line":157,"column":57}},"53":{"start":{"line":157,"column":27},"end":{"line":157,"column":57}},"54":{"start":{"line":159,"column":8},"end":{"line":159,"column":70}},"55":{"start":{"line":159,"column":27},"end":{"line":159,"column":70}},"56":{"start":{"line":165,"column":4},"end":{"line":167,"column":5}},"57":{"start":{"line":166,"column":6},"end":{"line":166,"column":13}},"58":{"start":{"line":169,"column":4},"end":{"line":169,"column":53}},"59":{"start":{"line":171,"column":18},"end":{"line":171,"column":51}},"60":{"start":{"line":173,"column":21},"end":{"line":173,"column":22}},"61":{"start":{"line":174,"column":17},"end":{"line":174,"column":18}},"62":{"start":{"line":176,"column":4},"end":{"line":192,"column":5}},"63":{"start":{"line":177,"column":25},"end":{"line":177,"column":50}},"64":{"start":{"line":179,"column":6},"end":{"line":191,"column":7}},"65":{"start":{"line":180,"column":8},"end":{"line":190,"column":9}},"66":{"start":{"line":181,"column":10},"end":{"line":186,"column":11}},"67":{"start":{"line":182,"column":12},"end":{"line":182,"column":25}},"68":{"start":{"line":184,"column":12},"end":{"line":184,"column":21}},"69":{"start":{"line":185,"column":12},"end":{"line":185,"column":79}},"70":{"start":{"line":187,"column":15},"end":{"line":190,"column":9}},"71":{"start":{"line":188,"column":10},"end":{"line":188,"column":19}},"72":{"start":{"line":189,"column":10},"end":{"line":189,"column":59}},"73":{"start":{"line":194,"column":4},"end":{"line":194,"column":27}},"74":{"start":{"line":196,"column":4},"end":{"line":196,"column":79}},"75":{"start":{"line":200,"column":16},"end":{"line":200,"column":57}},"76":{"start":{"line":201,"column":24},"end":{"line":201,"column":55}},"77":{"start":{"line":202,"column":22},"end":{"line":202,"column":78}},"78":{"start":{"line":203,"column":18},"end":{"line":203,"column":71}},"79":{"start":{"line":204,"column":24},"end":{"line":204,"column":61}},"80":{"start":{"line":205,"column":26},"end":{"line":205,"column":57}},"81":{"start":{"line":207,"column":4},"end":{"line":213,"column":5}},"82":{"start":{"line":209,"column":6},"end":{"line":209,"column":29}},"83":{"start":{"line":210,"column":6},"end":{"line":210,"column":59}},"84":{"start":{"line":211,"column":6},"end":{"line":211,"column":66}},"85":{"start":{"line":211,"column":31},"end":{"line":211,"column":66}},"86":{"start":{"line":212,"column":6},"end":{"line":212,"column":20}},"87":{"start":{"line":214,"column":4},"end":{"line":217,"column":5}},"88":{"start":{"line":215,"column":6},"end":{"line":215,"column":60}},"89":{"start":{"line":216,"column":6},"end":{"line":216,"column":20}},"90":{"start":{"line":218,"column":4},"end":{"line":218,"column":34}},"91":{"start":{"line":218,"column":20},"end":{"line":218,"column":34}},"92":{"start":{"line":219,"column":4},"end":{"line":222,"column":5}},"93":{"start":{"line":220,"column":6},"end":{"line":220,"column":54}},"94":{"start":{"line":221,"column":6},"end":{"line":221,"column":20}},"95":{"start":{"line":224,"column":25},"end":{"line":224,"column":53}},"96":{"start":{"line":226,"column":4},"end":{"line":251,"column":5}},"97":{"start":{"line":228,"column":6},"end":{"line":228,"column":29}},"98":{"start":{"line":230,"column":6},"end":{"line":239,"column":7}},"99":{"start":{"line":232,"column":29},"end":{"line":232,"column":67}},"100":{"start":{"line":234,"column":8},"end":{"line":237,"column":9}},"101":{"start":{"line":235,"column":10},"end":{"line":235,"column":80}},"102":{"start":{"line":236,"column":10},"end":{"line":236,"column":24}},"103":{"start":{"line":238,"column":8},"end":{"line":238,"column":43}},"104":{"start":{"line":241,"column":6},"end":{"line":241,"column":69}},"105":{"start":{"line":243,"column":6},"end":{"line":243,"column":77}},"106":{"start":{"line":243,"column":31},"end":{"line":243,"column":77}},"107":{"start":{"line":245,"column":11},"end":{"line":251,"column":5}},"108":{"start":{"line":247,"column":6},"end":{"line":247,"column":29}},"109":{"start":{"line":248,"column":6},"end":{"line":248,"column":59}},"110":{"start":{"line":250,"column":6},"end":{"line":250,"column":66}},"111":{"start":{"line":250,"column":31},"end":{"line":250,"column":66}},"112":{"start":{"line":253,"column":4},"end":{"line":253,"column":18}},"113":{"start":{"line":257,"column":72},"end":{"line":257,"column":74}},"114":{"start":{"line":259,"column":4},"end":{"line":263,"column":5}},"115":{"start":{"line":260,"column":19},"end":{"line":260,"column":65}},"116":{"start":{"line":261,"column":6},"end":{"line":262,"column":50}},"117":{"start":{"line":262,"column":8},"end":{"line":262,"column":50}},"118":{"start":{"line":265,"column":21},"end":{"line":265,"column":22}},"119":{"start":{"line":266,"column":17},"end":{"line":266,"column":18}},"120":{"start":{"line":268,"column":4},"end":{"line":277,"column":5}},"121":{"start":{"line":269,"column":21},"end":{"line":269,"column":51}},"122":{"start":{"line":270,"column":6},"end":{"line":276,"column":7}},"123":{"start":{"line":271,"column":8},"end":{"line":271,"column":21}},"124":{"start":{"line":272,"column":8},"end":{"line":272,"column":42}},"125":{"start":{"line":274,"column":8},"end":{"line":274,"column":17}},"126":{"start":{"line":275,"column":8},"end":{"line":275,"column":66}},"127":{"start":{"line":279,"column":4},"end":{"line":279,"column":27}},"128":{"start":{"line":281,"column":4},"end":{"line":285,"column":5}},"129":{"start":{"line":282,"column":6},"end":{"line":284,"column":8}},"130":{"start":{"line":291,"column":4},"end":{"line":309,"column":5}},"131":{"start":{"line":292,"column":22},"end":{"line":292,"column":59}},"132":{"start":{"line":294,"column":31},"end":{"line":294,"column":69}},"133":{"start":{"line":295,"column":6},"end":{"line":295,"column":41}},"134":{"start":{"line":295,"column":29},"end":{"line":295,"column":41}},"135":{"start":{"line":297,"column":6},"end":{"line":305,"column":7}},"136":{"start":{"line":298,"column":29},"end":{"line":298,"column":59}},"137":{"start":{"line":299,"column":8},"end":{"line":300,"column":48}},"138":{"start":{"line":300,"column":10},"end":{"line":300,"column":48}},"139":{"start":{"line":301,"column":8},"end":{"line":301,"column":20}},"140":{"start":{"line":303,"column":8},"end":{"line":303,"column":59}},"141":{"start":{"line":304,"column":8},"end":{"line":304,"column":20}},"142":{"start":{"line":307,"column":6},"end":{"line":307,"column":63}},"143":{"start":{"line":308,"column":6},"end":{"line":308,"column":18}},"144":{"start":{"line":313,"column":18},"end":{"line":313,"column":69}},"145":{"start":{"line":314,"column":23},"end":{"line":314,"column":67}},"146":{"start":{"line":316,"column":4},"end":{"line":316,"column":57}},"147":{"start":{"line":320,"column":4},"end":{"line":320,"column":36}},"148":{"start":{"line":320,"column":24},"end":{"line":320,"column":36}},"149":{"start":{"line":321,"column":4},"end":{"line":321,"column":73}},"150":{"start":{"line":321,"column":35},"end":{"line":321,"column":73}},"151":{"start":{"line":322,"column":4},"end":{"line":322,"column":17}},"152":{"start":{"line":326,"column":4},"end":{"line":326,"column":80}},"153":{"start":{"line":334,"column":16},"end":{"line":334,"column":155}},"154":{"start":{"line":335,"column":21},"end":{"line":335,"column":77}},"155":{"start":{"line":337,"column":21},"end":{"line":344,"column":null}},"156":{"start":{"line":347,"column":25},"end":{"line":347,"column":50}},"157":{"start":{"line":348,"column":4},"end":{"line":354,"column":5}},"158":{"start":{"line":349,"column":19},"end":{"line":349,"column":49}},"159":{"start":{"line":350,"column":6},"end":{"line":352,"column":7}},"160":{"start":{"line":351,"column":8},"end":{"line":351,"column":75}},"161":{"start":{"line":353,"column":6},"end":{"line":353,"column":31}},"162":{"start":{"line":355,"column":4},"end":{"line":357,"column":6}},"163":{"start":{"line":364,"column":4},"end":{"line":366,"column":null}},"164":{"start":{"line":371,"column":4},"end":{"line":373,"column":null}},"165":{"start":{"line":378,"column":25},"end":{"line":378,"column":46}},"166":{"start":{"line":379,"column":4},"end":{"line":390,"column":5}},"167":{"start":{"line":380,"column":6},"end":{"line":380,"column":58}},"168":{"start":{"line":382,"column":6},"end":{"line":389,"column":7}},"169":{"start":{"line":383,"column":29},"end":{"line":383,"column":59}},"170":{"start":{"line":384,"column":8},"end":{"line":384,"column":74}},"171":{"start":{"line":386,"column":8},"end":{"line":388,"column":10}},"172":{"start":{"line":394,"column":4},"end":{"line":394,"column":39}},"173":{"start":{"line":398,"column":4},"end":{"line":405,"column":5}},"174":{"start":{"line":403,"column":6},"end":{"line":403,"column":69}},"175":{"start":{"line":404,"column":6},"end":{"line":404,"column":19}},"176":{"start":{"line":407,"column":4},"end":{"line":412,"column":5}},"177":{"start":{"line":408,"column":6},"end":{"line":410,"column":8}},"178":{"start":{"line":411,"column":6},"end":{"line":411,"column":19}},"179":{"start":{"line":414,"column":4},"end":{"line":414,"column":16}},"180":{"start":{"line":418,"column":4},"end":{"line":437,"column":5}},"181":{"start":{"line":419,"column":24},"end":{"line":420,"column":null}},"182":{"start":{"line":422,"column":27},"end":{"line":422,"column":48}},"183":{"start":{"line":423,"column":6},"end":{"line":430,"column":7}},"184":{"start":{"line":424,"column":23},"end":{"line":424,"column":53}},"185":{"start":{"line":425,"column":8},"end":{"line":425,"column":62}},"186":{"start":{"line":427,"column":8},"end":{"line":429,"column":10}},"187":{"start":{"line":432,"column":6},"end":{"line":436,"column":7}},"188":{"start":{"line":433,"column":8},"end":{"line":433,"column":54}},"189":{"start":{"line":435,"column":8},"end":{"line":435,"column":16}},"190":{"start":{"line":439,"column":4},"end":{"line":444,"column":5}},"191":{"start":{"line":440,"column":6},"end":{"line":440,"column":73}},"192":{"start":{"line":443,"column":6},"end":{"line":443,"column":58}},"193":{"start":{"line":448,"column":4},"end":{"line":458,"column":5}},"194":{"start":{"line":449,"column":6},"end":{"line":449,"column":68}},"195":{"start":{"line":451,"column":24},"end":{"line":451,"column":59}},"196":{"start":{"line":452,"column":6},"end":{"line":455,"column":8}},"197":{"start":{"line":457,"column":6},"end":{"line":457,"column":50}},"198":{"start":{"line":462,"column":4},"end":{"line":468,"column":5}},"199":{"start":{"line":467,"column":6},"end":{"line":467,"column":30}},"200":{"start":{"line":472,"column":4},"end":{"line":474,"column":5}},"201":{"start":{"line":473,"column":6},"end":{"line":473,"column":28}},"202":{"start":{"line":475,"column":4},"end":{"line":475,"column":30}},"203":{"start":{"line":60,"column":17},"end":{"line":60,"column":50}},"204":{"start":{"line":55,"column":21},"end":{"line":55,"column":40}}},"fnMap":{"0":{"name":"(anonymous_0)","decl":{"start":{"line":55,"column":0},"end":{"line":55,"column":21}},"loc":{"start":{"line":55,"column":0},"end":{"line":477,"column":1}}},"1":{"name":"(anonymous_1)","decl":{"start":{"line":63,"column":8},"end":{"line":63,"column":14}},"loc":{"start":{"line":63,"column":14},"end":{"line":81,"column":null}}},"2":{"name":"(anonymous_3)","decl":{"start":{"line":83,"column":10},"end":{"line":83,"column":26}},"loc":{"start":{"line":83,"column":26},"end":{"line":110,"column":3}}},"3":{"name":"(anonymous_4)","decl":{"start":{"line":84,"column":64},"end":{"line":84,"column":67}},"loc":{"start":{"line":84,"column":69},"end":{"line":87,"column":5}}},"4":{"name":"(anonymous_5)","decl":{"start":{"line":92,"column":16},"end":{"line":92,"column":19}},"loc":{"start":{"line":92,"column":21},"end":{"line":99,"column":7}}},"5":{"name":"(anonymous_6)","decl":{"start":{"line":105,"column":16},"end":{"line":105,"column":19}},"loc":{"start":{"line":105,"column":21},"end":{"line":108,"column":7}}},"6":{"name":"(anonymous_7)","decl":{"start":{"line":112,"column":10},"end":{"line":112,"column":24}},"loc":{"start":{"line":112,"column":24},"end":{"line":122,"column":3}}},"7":{"name":"(anonymous_8)","decl":{"start":{"line":115,"column":36},"end":{"line":115,"column":37}},"loc":{"start":{"line":115,"column":45},"end":{"line":119,"column":9}}},"8":{"name":"(anonymous_9)","decl":{"start":{"line":124,"column":10},"end":{"line":124,"column":27}},"loc":{"start":{"line":124,"column":39},"end":{"line":141,"column":3}}},"9":{"name":"(anonymous_10)","decl":{"start":{"line":130,"column":31},"end":{"line":130,"column":34}},"loc":{"start":{"line":130,"column":36},"end":{"line":138,"column":5}}},"10":{"name":"(anonymous_11)","decl":{"start":{"line":132,"column":15},"end":{"line":132,"column":16}},"loc":{"start":{"line":132,"column":25},"end":{"line":134,"column":9}}},"11":{"name":"(anonymous_12)","decl":{"start":{"line":135,"column":17},"end":{"line":135,"column":20}},"loc":{"start":{"line":135,"column":22},"end":{"line":137,"column":9}}},"12":{"name":"(anonymous_13)","decl":{"start":{"line":143,"column":16},"end":{"line":143,"column":30}},"loc":{"start":{"line":143,"column":30},"end":{"line":162,"column":null}}},"13":{"name":"(anonymous_14)","decl":{"start":{"line":143,"column":31},"end":{"line":143,"column":42}},"loc":{"start":{"line":143,"column":74},"end":{"line":162,"column":3}}},"14":{"name":"(anonymous_15)","decl":{"start":{"line":164,"column":16},"end":{"line":164,"column":28}},"loc":{"start":{"line":164,"column":28},"end":{"line":197,"column":null}}},"15":{"name":"(anonymous_17)","decl":{"start":{"line":199,"column":16},"end":{"line":199,"column":24}},"loc":{"start":{"line":199,"column":36},"end":{"line":254,"column":null}}},"16":{"name":"(anonymous_19)","decl":{"start":{"line":256,"column":16},"end":{"line":256,"column":37}},"loc":{"start":{"line":256,"column":37},"end":{"line":286,"column":null}}},"17":{"name":"(anonymous_21)","decl":{"start":{"line":288,"column":16},"end":{"line":288,"column":30}},"loc":{"start":{"line":289,"column":15},"end":{"line":310,"column":null}}},"18":{"name":"(anonymous_23)","decl":{"start":{"line":312,"column":10},"end":{"line":312,"column":20}},"loc":{"start":{"line":312,"column":57},"end":{"line":317,"column":3}}},"19":{"name":"(anonymous_24)","decl":{"start":{"line":319,"column":10},"end":{"line":319,"column":23}},"loc":{"start":{"line":319,"column":38},"end":{"line":323,"column":3}}},"20":{"name":"(anonymous_25)","decl":{"start":{"line":325,"column":10},"end":{"line":325,"column":22}},"loc":{"start":{"line":325,"column":37},"end":{"line":327,"column":3}}},"21":{"name":"(anonymous_26)","decl":{"start":{"line":329,"column":16},"end":{"line":329,"column":25}},"loc":{"start":{"line":332,"column":17},"end":{"line":358,"column":null}}},"22":{"name":"(anonymous_28)","decl":{"start":{"line":360,"column":16},"end":{"line":360,"column":26}},"loc":{"start":{"line":362,"column":17},"end":{"line":368,"column":null}}},"23":{"name":"(anonymous_30)","decl":{"start":{"line":370,"column":16},"end":{"line":370,"column":28}},"loc":{"start":{"line":370,"column":40},"end":{"line":375,"column":null}}},"24":{"name":"(anonymous_32)","decl":{"start":{"line":377,"column":16},"end":{"line":377,"column":28}},"loc":{"start":{"line":377,"column":28},"end":{"line":391,"column":null}}},"25":{"name":"(anonymous_34)","decl":{"start":{"line":393,"column":8},"end":{"line":393,"column":20}},"loc":{"start":{"line":393,"column":20},"end":{"line":395,"column":null}}},"26":{"name":"(anonymous_36)","decl":{"start":{"line":397,"column":10},"end":{"line":397,"column":26}},"loc":{"start":{"line":397,"column":26},"end":{"line":415,"column":3}}},"27":{"name":"(anonymous_37)","decl":{"start":{"line":417,"column":16},"end":{"line":417,"column":25}},"loc":{"start":{"line":417,"column":25},"end":{"line":445,"column":null}}},"28":{"name":"(anonymous_39)","decl":{"start":{"line":447,"column":16},"end":{"line":447,"column":25}},"loc":{"start":{"line":447,"column":25},"end":{"line":459,"column":null}}},"29":{"name":"(anonymous_41)","decl":{"start":{"line":461,"column":2},"end":{"line":461,"column":10}},"loc":{"start":{"line":461,"column":10},"end":{"line":469,"column":3}}},"30":{"name":"(anonymous_42)","decl":{"start":{"line":471,"column":10},"end":{"line":471,"column":26}},"loc":{"start":{"line":471,"column":26},"end":{"line":476,"column":3}}}},"branchMap":{"0":{"loc":{"start":{"line":77,"column":4},"end":{"line":80,"column":5}},"type":"if","locations":[{"start":{"line":77,"column":4},"end":{"line":80,"column":5}},{"start":{},"end":{}}]},"1":{"loc":{"start":{"line":94,"column":8},"end":{"line":98,"column":9}},"type":"if","locations":[{"start":{"line":94,"column":8},"end":{"line":98,"column":9}},{"start":{"line":96,"column":15},"end":{"line":98,"column":9}}]},"2":{"loc":{"start":{"line":113,"column":4},"end":{"line":121,"column":5}},"type":"if","locations":[{"start":{"line":113,"column":4},"end":{"line":121,"column":5}},{"start":{},"end":{}}]},"3":{"loc":{"start":{"line":116,"column":10},"end":{"line":118,"column":11}},"type":"if","locations":[{"start":{"line":116,"column":10},"end":{"line":118,"column":11}},{"start":{},"end":{}}]},"4":{"loc":{"start":{"line":116,"column":14},"end":{"line":116,"column":62}},"type":"binary-expr","locations":[{"start":{"line":116,"column":14},"end":{"line":116,"column":35}},{"start":{"line":116,"column":39},"end":{"line":116,"column":62}}]},"5":{"loc":{"start":{"line":126,"column":4},"end":{"line":128,"column":5}},"type":"if","locations":[{"start":{"line":126,"column":4},"end":{"line":128,"column":5}},{"start":{},"end":{}}]},"6":{"loc":{"start":{"line":143,"column":44},"end":{"line":143,"column":74}},"type":"default-arg","locations":[{"start":{"line":143,"column":69},"end":{"line":143,"column":74}}]},"7":{"loc":{"start":{"line":144,"column":4},"end":{"line":146,"column":5}},"type":"if","locations":[{"start":{"line":144,"column":4},"end":{"line":146,"column":5}},{"start":{},"end":{}}]},"8":{"loc":{"start":{"line":151,"column":4},"end":{"line":161,"column":5}},"type":"if","locations":[{"start":{"line":151,"column":4},"end":{"line":161,"column":5}},{"start":{"line":153,"column":11},"end":{"line":161,"column":5}}]},"9":{"loc":{"start":{"line":152,"column":6},"end":{"line":152,"column":64}},"type":"if","locations":[{"start":{"line":152,"column":6},"end":{"line":152,"column":64}},{"start":{},"end":{}}]},"10":{"loc":{"start":{"line":153,"column":11},"end":{"line":161,"column":5}},"type":"if","locations":[{"start":{"line":153,"column":11},"end":{"line":161,"column":5}},{"start":{},"end":{}}]},"11":{"loc":{"start":{"line":156,"column":6},"end":{"line":160,"column":7}},"type":"if","locations":[{"start":{"line":156,"column":6},"end":{"line":160,"column":7}},{"start":{"line":158,"column":13},"end":{"line":160,"column":7}}]},"12":{"loc":{"start":{"line":157,"column":8},"end":{"line":157,"column":57}},"type":"if","locations":[{"start":{"line":157,"column":8},"end":{"line":157,"column":57}},{"start":{},"end":{}}]},"13":{"loc":{"start":{"line":159,"column":8},"end":{"line":159,"column":70}},"type":"if","locations":[{"start":{"line":159,"column":8},"end":{"line":159,"column":70}},{"start":{},"end":{}}]},"14":{"loc":{"start":{"line":165,"column":4},"end":{"line":167,"column":5}},"type":"if","locations":[{"start":{"line":165,"column":4},"end":{"line":167,"column":5}},{"start":{},"end":{}}]},"15":{"loc":{"start":{"line":179,"column":6},"end":{"line":191,"column":7}},"type":"if","locations":[{"start":{"line":179,"column":6},"end":{"line":191,"column":7}},{"start":{},"end":{}}]},"16":{"loc":{"start":{"line":180,"column":8},"end":{"line":190,"column":9}},"type":"if","locations":[{"start":{"line":180,"column":8},"end":{"line":190,"column":9}},{"start":{"line":187,"column":15},"end":{"line":190,"column":9}}]},"17":{"loc":{"start":{"line":181,"column":10},"end":{"line":186,"column":11}},"type":"if","locations":[{"start":{"line":181,"column":10},"end":{"line":186,"column":11}},{"start":{"line":183,"column":17},"end":{"line":186,"column":11}}]},"18":{"loc":{"start":{"line":187,"column":15},"end":{"line":190,"column":9}},"type":"if","locations":[{"start":{"line":187,"column":15},"end":{"line":190,"column":9}},{"start":{},"end":{}}]},"19":{"loc":{"start":{"line":202,"column":41},"end":{"line":202,"column":77}},"type":"cond-expr","locations":[{"start":{"line":202,"column":52},"end":{"line":202,"column":55}},{"start":{"line":202,"column":41},"end":{"line":202,"column":77}}]},"20":{"loc":{"start":{"line":202,"column":41},"end":{"line":202,"column":55}},"type":"binary-expr","locations":[{"start":{"line":202,"column":41},"end":{"line":202,"column":55}},{"start":{"line":202,"column":41},"end":{"line":202,"column":55}}]},"21":{"loc":{"start":{"line":203,"column":36},"end":{"line":203,"column":70}},"type":"cond-expr","locations":[{"start":{"line":203,"column":47},"end":{"line":203,"column":50}},{"start":{"line":203,"column":36},"end":{"line":203,"column":70}}]},"22":{"loc":{"start":{"line":203,"column":36},"end":{"line":203,"column":50}},"type":"binary-expr","locations":[{"start":{"line":203,"column":36},"end":{"line":203,"column":50}},{"start":{"line":203,"column":36},"end":{"line":203,"column":50}}]},"23":{"loc":{"start":{"line":207,"column":4},"end":{"line":213,"column":5}},"type":"if","locations":[{"start":{"line":207,"column":4},"end":{"line":213,"column":5}},{"start":{},"end":{}}]},"24":{"loc":{"start":{"line":207,"column":8},"end":{"line":207,"column":63}},"type":"binary-expr","locations":[{"start":{"line":207,"column":8},"end":{"line":207,"column":21}},{"start":{"line":207,"column":26},"end":{"line":207,"column":38}},{"start":{"line":207,"column":42},"end":{"line":207,"column":52}},{"start":{"line":207,"column":56},"end":{"line":207,"column":62}}]},"25":{"loc":{"start":{"line":211,"column":6},"end":{"line":211,"column":66}},"type":"if","locations":[{"start":{"line":211,"column":6},"end":{"line":211,"column":66}},{"start":{},"end":{}}]},"26":{"loc":{"start":{"line":214,"column":4},"end":{"line":217,"column":5}},"type":"if","locations":[{"start":{"line":214,"column":4},"end":{"line":217,"column":5}},{"start":{},"end":{}}]},"27":{"loc":{"start":{"line":218,"column":4},"end":{"line":218,"column":34}},"type":"if","locations":[{"start":{"line":218,"column":4},"end":{"line":218,"column":34}},{"start":{},"end":{}}]},"28":{"loc":{"start":{"line":219,"column":4},"end":{"line":222,"column":5}},"type":"if","locations":[{"start":{"line":219,"column":4},"end":{"line":222,"column":5}},{"start":{},"end":{}}]},"29":{"loc":{"start":{"line":226,"column":4},"end":{"line":251,"column":5}},"type":"if","locations":[{"start":{"line":226,"column":4},"end":{"line":251,"column":5}},{"start":{"line":245,"column":11},"end":{"line":251,"column":5}}]},"30":{"loc":{"start":{"line":230,"column":6},"end":{"line":239,"column":7}},"type":"if","locations":[{"start":{"line":230,"column":6},"end":{"line":239,"column":7}},{"start":{},"end":{}}]},"31":{"loc":{"start":{"line":230,"column":10},"end":{"line":230,"column":57}},"type":"binary-expr","locations":[{"start":{"line":230,"column":10},"end":{"line":230,"column":23}},{"start":{"line":230,"column":27},"end":{"line":230,"column":57}}]},"32":{"loc":{"start":{"line":234,"column":8},"end":{"line":237,"column":9}},"type":"if","locations":[{"start":{"line":234,"column":8},"end":{"line":237,"column":9}},{"start":{},"end":{}}]},"33":{"loc":{"start":{"line":243,"column":6},"end":{"line":243,"column":77}},"type":"if","locations":[{"start":{"line":243,"column":6},"end":{"line":243,"column":77}},{"start":{},"end":{}}]},"34":{"loc":{"start":{"line":245,"column":11},"end":{"line":251,"column":5}},"type":"if","locations":[{"start":{"line":245,"column":11},"end":{"line":251,"column":5}},{"start":{},"end":{}}]},"35":{"loc":{"start":{"line":250,"column":6},"end":{"line":250,"column":66}},"type":"if","locations":[{"start":{"line":250,"column":6},"end":{"line":250,"column":66}},{"start":{},"end":{}}]},"36":{"loc":{"start":{"line":261,"column":6},"end":{"line":262,"column":50}},"type":"if","locations":[{"start":{"line":261,"column":6},"end":{"line":262,"column":50}},{"start":{},"end":{}}]},"37":{"loc":{"start":{"line":261,"column":10},"end":{"line":261,"column":43}},"type":"binary-expr","locations":[{"start":{"line":261,"column":10},"end":{"line":261,"column":15}},{"start":{"line":261,"column":19},"end":{"line":261,"column":43}}]},"38":{"loc":{"start":{"line":270,"column":6},"end":{"line":276,"column":7}},"type":"if","locations":[{"start":{"line":270,"column":6},"end":{"line":276,"column":7}},{"start":{"line":273,"column":13},"end":{"line":276,"column":7}}]},"39":{"loc":{"start":{"line":281,"column":4},"end":{"line":285,"column":5}},"type":"if","locations":[{"start":{"line":281,"column":4},"end":{"line":285,"column":5}},{"start":{},"end":{}}]},"40":{"loc":{"start":{"line":281,"column":8},"end":{"line":281,"column":36}},"type":"binary-expr","locations":[{"start":{"line":281,"column":8},"end":{"line":281,"column":22}},{"start":{"line":281,"column":26},"end":{"line":281,"column":36}}]},"41":{"loc":{"start":{"line":295,"column":6},"end":{"line":295,"column":41}},"type":"if","locations":[{"start":{"line":295,"column":6},"end":{"line":295,"column":41}},{"start":{},"end":{}}]},"42":{"loc":{"start":{"line":299,"column":8},"end":{"line":300,"column":48}},"type":"if","locations":[{"start":{"line":299,"column":8},"end":{"line":300,"column":48}},{"start":{},"end":{}}]},"43":{"loc":{"start":{"line":299,"column":12},"end":{"line":299,"column":65}},"type":"binary-expr","locations":[{"start":{"line":299,"column":12},"end":{"line":299,"column":15}},{"start":{"line":299,"column":19},"end":{"line":299,"column":42}},{"start":{"line":299,"column":46},"end":{"line":299,"column":65}}]},"44":{"loc":{"start":{"line":316,"column":11},"end":{"line":316,"column":56}},"type":"cond-expr","locations":[{"start":{"line":316,"column":24},"end":{"line":316,"column":48}},{"start":{"line":316,"column":51},"end":{"line":316,"column":56}}]},"45":{"loc":{"start":{"line":320,"column":4},"end":{"line":320,"column":36}},"type":"if","locations":[{"start":{"line":320,"column":4},"end":{"line":320,"column":36}},{"start":{},"end":{}}]},"46":{"loc":{"start":{"line":321,"column":4},"end":{"line":321,"column":73}},"type":"if","locations":[{"start":{"line":321,"column":4},"end":{"line":321,"column":73}},{"start":{},"end":{}}]},"47":{"loc":{"start":{"line":326,"column":11},"end":{"line":326,"column":79}},"type":"cond-expr","locations":[{"start":{"line":326,"column":62},"end":{"line":326,"column":67}},{"start":{"line":326,"column":70},"end":{"line":326,"column":79}}]},"48":{"loc":{"start":{"line":326,"column":11},"end":{"line":326,"column":59}},"type":"binary-expr","locations":[{"start":{"line":326,"column":11},"end":{"line":326,"column":36}},{"start":{"line":326,"column":40},"end":{"line":326,"column":59}}]},"49":{"loc":{"start":{"line":342,"column":12},"end":{"line":342,"column":56}},"type":"cond-expr","locations":[{"start":{"line":342,"column":19},"end":{"line":342,"column":51}},{"start":{"line":342,"column":54},"end":{"line":342,"column":56}}]},"50":{"loc":{"start":{"line":344,"column":10},"end":{"line":344,"column":30}},"type":"cond-expr","locations":[{"start":{"line":344,"column":17},"end":{"line":344,"column":25}},{"start":{"line":344,"column":28},"end":{"line":344,"column":30}}]},"51":{"loc":{"start":{"line":348,"column":4},"end":{"line":354,"column":5}},"type":"if","locations":[{"start":{"line":348,"column":4},"end":{"line":354,"column":5}},{"start":{},"end":{}}]},"52":{"loc":{"start":{"line":348,"column":8},"end":{"line":348,"column":61}},"type":"binary-expr","locations":[{"start":{"line":348,"column":8},"end":{"line":348,"column":11}},{"start":{"line":348,"column":15},"end":{"line":348,"column":38}},{"start":{"line":348,"column":42},"end":{"line":348,"column":61}}]},"53":{"loc":{"start":{"line":350,"column":6},"end":{"line":352,"column":7}},"type":"if","locations":[{"start":{"line":350,"column":6},"end":{"line":352,"column":7}},{"start":{},"end":{}}]},"54":{"loc":{"start":{"line":379,"column":4},"end":{"line":390,"column":5}},"type":"if","locations":[{"start":{"line":379,"column":4},"end":{"line":390,"column":5}},{"start":{"line":381,"column":11},"end":{"line":390,"column":5}}]},"55":{"loc":{"start":{"line":382,"column":6},"end":{"line":389,"column":7}},"type":"if","locations":[{"start":{"line":382,"column":6},"end":{"line":389,"column":7}},{"start":{"line":385,"column":13},"end":{"line":389,"column":7}}]},"56":{"loc":{"start":{"line":382,"column":10},"end":{"line":382,"column":63}},"type":"binary-expr","locations":[{"start":{"line":382,"column":10},"end":{"line":382,"column":13}},{"start":{"line":382,"column":17},"end":{"line":382,"column":40}},{"start":{"line":382,"column":44},"end":{"line":382,"column":63}}]},"57":{"loc":{"start":{"line":398,"column":4},"end":{"line":405,"column":5}},"type":"if","locations":[{"start":{"line":398,"column":4},"end":{"line":405,"column":5}},{"start":{},"end":{}}]},"58":{"loc":{"start":{"line":399,"column":6},"end":{"line":401,"column":29}},"type":"binary-expr","locations":[{"start":{"line":399,"column":6},"end":{"line":399,"column":30}},{"start":{"line":400,"column":6},"end":{"line":400,"column":32}},{"start":{"line":401,"column":6},"end":{"line":401,"column":29}}]},"59":{"loc":{"start":{"line":407,"column":4},"end":{"line":412,"column":5}},"type":"if","locations":[{"start":{"line":407,"column":4},"end":{"line":412,"column":5}},{"start":{},"end":{}}]},"60":{"loc":{"start":{"line":423,"column":6},"end":{"line":430,"column":7}},"type":"if","locations":[{"start":{"line":423,"column":6},"end":{"line":430,"column":7}},{"start":{"line":426,"column":13},"end":{"line":430,"column":7}}]},"61":{"loc":{"start":{"line":423,"column":10},"end":{"line":423,"column":63}},"type":"binary-expr","locations":[{"start":{"line":423,"column":10},"end":{"line":423,"column":13}},{"start":{"line":423,"column":17},"end":{"line":423,"column":40}},{"start":{"line":423,"column":44},"end":{"line":423,"column":63}}]},"62":{"loc":{"start":{"line":432,"column":6},"end":{"line":436,"column":7}},"type":"if","locations":[{"start":{"line":432,"column":6},"end":{"line":436,"column":7}},{"start":{"line":434,"column":13},"end":{"line":436,"column":7}}]},"63":{"loc":{"start":{"line":432,"column":10},"end":{"line":432,"column":60}},"type":"binary-expr","locations":[{"start":{"line":432,"column":10},"end":{"line":432,"column":28}},{"start":{"line":432,"column":32},"end":{"line":432,"column":60}}]},"64":{"loc":{"start":{"line":462,"column":4},"end":{"line":468,"column":5}},"type":"if","locations":[{"start":{"line":462,"column":4},"end":{"line":468,"column":5}},{"start":{},"end":{}}]}},"s":{"0":11,"1":11,"2":11,"3":11,"4":0,"5":0,"6":0,"7":3,"8":3,"9":2,"10":2,"11":2,"12":1,"13":1,"14":1,"15":2,"16":2,"17":2,"18":9,"19":1,"20":1,"21":9,"22":2,"23":2,"24":1,"25":1,"26":9,"27":1,"28":1,"29":6,"30":3,"31":2,"32":1,"33":15,"34":15,"35":5,"36":15,"37":10,"38":1,"39":10,"40":15,"41":17,"42":17,"43":1,"44":16,"45":15,"46":15,"47":1,"48":1,"49":14,"50":14,"51":14,"52":13,"53":2,"54":1,"55":1,"56":11,"57":1,"58":10,"59":10,"60":10,"61":10,"62":10,"63":13,"64":13,"65":11,"66":10,"67":7,"68":3,"69":3,"70":1,"71":1,"72":1,"73":10,"74":10,"75":47,"76":47,"77":47,"78":47,"79":47,"80":47,"81":47,"82":3,"83":3,"84":3,"85":3,"86":3,"87":44,"88":1,"89":1,"90":43,"91":4,"92":39,"93":3,"94":3,"95":36,"96":36,"97":36,"98":36,"99":4,"100":4,"101":2,"102":2,"103":2,"104":34,"105":33,"106":28,"107":0,"108":0,"109":0,"110":0,"111":0,"112":33,"113":13,"114":13,"115":20,"116":20,"117":16,"118":13,"119":13,"120":13,"121":16,"122":16,"123":12,"124":12,"125":4,"126":4,"127":13,"128":13,"129":8,"130":60,"131":60,"132":59,"133":59,"134":5,"135":54,"136":54,"137":53,"138":50,"139":3,"140":1,"141":1,"142":1,"143":1,"144":50,"145":50,"146":50,"147":60,"148":39,"149":21,"150":8,"151":13,"152":157,"153":73,"154":73,"155":73,"156":70,"157":69,"158":68,"159":68,"160":16,"161":52,"162":1,"163":36,"164":25,"165":172,"166":171,"167":1,"168":170,"169":167,"170":167,"171":3,"172":2,"173":33,"174":3,"175":3,"176":30,"177":3,"178":3,"179":27,"180":172,"181":172,"182":170,"183":169,"184":167,"185":167,"186":2,"187":5,"188":1,"189":4,"190":168,"191":168,"192":0,"193":45,"194":45,"195":45,"196":45,"197":1,"198":3,"199":2,"200":3,"201":3,"202":3,"203":11,"204":11},"f":{"0":0,"1":3,"2":9,"3":1,"4":2,"5":1,"6":6,"7":2,"8":15,"9":10,"10":1,"11":10,"12":17,"13":17,"14":11,"15":47,"16":13,"17":60,"18":50,"19":60,"20":157,"21":73,"22":36,"23":25,"24":172,"25":2,"26":33,"27":172,"28":45,"29":3,"30":3},"b":{"0":[2,0],"1":[1,1],"2":[3,3],"3":[1,1],"4":[2,2],"5":[5,10],"6":[10],"7":[1,16],"8":[1,14],"9":[1,0],"10":[14,0],"11":[13,1],"12":[2,11],"13":[1,0],"14":[1,10],"15":[11,2],"16":[10,1],"17":[7,3],"18":[1,0],"19":[2,45],"20":[47,45],"21":[2,45],"22":[47,45],"23":[3,44],"24":[47,8,7,6],"25":[3,0],"26":[1,43],"27":[4,39],"28":[3,36],"29":[36,0],"30":[4,32],"31":[36,5],"32":[2,2],"33":[28,5],"34":[0,0],"35":[0,0],"36":[16,4],"37":[20,4],"38":[12,4],"39":[8,5],"40":[13,6],"41":[5,54],"42":[50,3],"43":[53,52,51],"44":[6,44],"45":[39,21],"46":[8,13],"47":[95,62],"48":[157,102],"49":[44,29],"50":[44,29],"51":[68,1],"52":[69,69,69],"53":[16,52],"54":[1,170],"55":[167,3],"56":[170,170,168],"57":[3,30],"58":[33,32,31],"59":[3,27],"60":[167,2],"61":[169,169,168],"62":[1,4],"63":[5,5],"64":[2,1]}}
}
