TN:
SF:main.ts
FN:55,(anonymous_0)
FN:63,(anonymous_1)
FN:83,(anonymous_3)
FN:84,(anonymous_4)
FN:92,(anonymous_5)
FN:105,(anonymous_6)
FN:112,(anonymous_7)
FN:115,(anonymous_8)
FN:124,(anonymous_9)
FN:130,(anonymous_10)
FN:132,(anonymous_11)
FN:135,(anonymous_12)
FN:143,(anonymous_13)
FN:143,(anonymous_14)
FN:164,(anonymous_15)
FN:199,(anonymous_17)
FN:247,(anonymous_19)
FN:279,(anonymous_21)
FN:303,(anonymous_23)
FN:310,(anonymous_24)
FN:316,(anonymous_25)
FN:320,(anonymous_26)
FN:351,(anonymous_28)
FN:361,(anonymous_30)
FN:368,(anonymous_32)
FN:384,(anonymous_34)
FN:388,(anonymous_36)
FN:408,(anonymous_37)
FN:438,(anonymous_39)
FN:452,(anonymous_41)
FN:462,(anonymous_42)
FNF:31
FNH:30
FNDA:0,(anonymous_0)
FNDA:3,(anonymous_1)
FNDA:9,(anonymous_3)
FNDA:1,(anonymous_4)
FNDA:2,(anonymous_5)
FNDA:1,(anonymous_6)
FNDA:6,(anonymous_7)
FNDA:2,(anonymous_8)
FNDA:15,(anonymous_9)
FNDA:10,(anonymous_10)
FNDA:1,(anonymous_11)
FNDA:10,(anonymous_12)
FNDA:17,(anonymous_13)
FNDA:17,(anonymous_14)
FNDA:11,(anonymous_15)
FNDA:47,(anonymous_17)
FNDA:13,(anonymous_19)
FNDA:60,(anonymous_21)
FNDA:50,(anonymous_23)
FNDA:60,(anonymous_24)
FNDA:157,(anonymous_25)
FNDA:73,(anonymous_26)
FNDA:36,(anonymous_28)
FNDA:25,(anonymous_30)
FNDA:172,(anonymous_32)
FNDA:2,(anonymous_34)
FNDA:33,(anonymous_36)
FNDA:172,(anonymous_37)
FNDA:45,(anonymous_39)
FNDA:3,(anonymous_41)
FNDA:3,(anonymous_42)
DA:1,11
DA:37,11
DA:47,11
DA:51,11
DA:55,11
DA:57,0
DA:58,0
DA:60,11
DA:61,0
DA:64,3
DA:65,3
DA:66,2
DA:67,2
DA:68,2
DA:70,1
DA:71,1
DA:74,1
DA:77,2
DA:78,2
DA:79,2
DA:84,9
DA:85,1
DA:86,1
DA:89,9
DA:93,2
DA:94,2
DA:95,1
DA:97,1
DA:102,9
DA:106,1
DA:107,1
DA:113,6
DA:114,3
DA:116,2
DA:117,1
DA:125,15
DA:126,15
DA:127,5
DA:130,15
DA:131,10
DA:133,1
DA:136,10
DA:140,15
DA:143,17
DA:144,17
DA:145,1
DA:148,16
DA:149,15
DA:151,15
DA:152,1
DA:153,14
DA:154,14
DA:156,14
DA:157,13
DA:159,1
DA:165,11
DA:166,1
DA:169,10
DA:171,10
DA:173,10
DA:174,10
DA:176,10
DA:177,13
DA:179,13
DA:180,11
DA:181,10
DA:182,7
DA:184,3
DA:185,3
DA:187,1
DA:188,1
DA:189,1
DA:194,10
DA:196,10
DA:200,47
DA:201,47
DA:202,47
DA:203,47
DA:204,47
DA:205,47
DA:207,47
DA:209,3
DA:210,3
DA:211,3
DA:212,3
DA:214,44
DA:215,1
DA:216,1
DA:218,43
DA:219,39
DA:220,3
DA:221,3
DA:224,36
DA:227,36
DA:229,36
DA:231,4
DA:233,4
DA:234,2
DA:235,2
DA:237,2
DA:240,34
DA:242,33
DA:244,33
DA:248,13
DA:250,13
DA:251,20
DA:252,20
DA:253,16
DA:256,13
DA:257,13
DA:259,13
DA:260,16
DA:261,16
DA:262,12
DA:263,12
DA:265,4
DA:266,4
DA:270,13
DA:272,13
DA:273,8
DA:282,60
DA:283,60
DA:285,59
DA:286,59
DA:288,54
DA:289,54
DA:290,53
DA:291,50
DA:292,3
DA:294,1
DA:295,1
DA:298,1
DA:299,1
DA:304,50
DA:305,50
DA:307,50
DA:311,60
DA:312,21
DA:313,13
DA:317,157
DA:325,73
DA:326,73
DA:328,73
DA:338,70
DA:339,69
DA:340,68
DA:341,68
DA:342,16
DA:344,52
DA:346,1
DA:355,36
DA:362,25
DA:369,172
DA:370,171
DA:371,1
DA:373,170
DA:374,167
DA:375,167
DA:377,3
DA:385,2
DA:389,33
DA:394,3
DA:395,3
DA:398,30
DA:399,3
DA:402,3
DA:405,27
DA:409,172
DA:410,172
DA:413,170
DA:414,169
DA:415,167
DA:416,167
DA:418,2
DA:423,5
DA:424,1
DA:426,4
DA:430,168
DA:431,168
DA:434,0
DA:439,45
DA:440,45
DA:442,45
DA:443,45
DA:448,1
DA:453,3
DA:458,2
DA:463,3
DA:464,3
DA:466,3
LF:190
LH:186
BRDA:77,0,0,2
BRDA:77,0,1,0
BRDA:94,1,0,1
BRDA:94,1,1,1
BRDA:113,2,0,3
BRDA:113,2,1,3
BRDA:116,3,0,1
BRDA:116,3,1,1
BRDA:116,4,0,2
BRDA:116,4,1,2
BRDA:126,5,0,5
BRDA:126,5,1,10
BRDA:143,6,0,10
BRDA:144,7,0,1
BRDA:144,7,1,16
BRDA:151,8,0,1
BRDA:151,8,1,14
BRDA:152,9,0,1
BRDA:152,9,1,0
BRDA:153,10,0,14
BRDA:153,10,1,0
BRDA:156,11,0,13
BRDA:156,11,1,1
BRDA:157,12,0,2
BRDA:157,12,1,11
BRDA:159,13,0,1
BRDA:159,13,1,0
BRDA:165,14,0,1
BRDA:165,14,1,10
BRDA:179,15,0,11
BRDA:179,15,1,2
BRDA:180,16,0,10
BRDA:180,16,1,1
BRDA:181,17,0,7
BRDA:181,17,1,3
BRDA:187,18,0,1
BRDA:187,18,1,0
BRDA:202,19,0,2
BRDA:202,19,1,45
BRDA:202,20,0,47
BRDA:202,20,1,45
BRDA:203,21,0,2
BRDA:203,21,1,45
BRDA:203,22,0,47
BRDA:203,22,1,45
BRDA:207,23,0,3
BRDA:207,23,1,44
BRDA:207,24,0,47
BRDA:207,24,1,8
BRDA:207,24,2,7
BRDA:207,24,3,6
BRDA:211,25,0,3
BRDA:211,25,1,0
BRDA:214,26,0,1
BRDA:214,26,1,43
BRDA:218,27,0,4
BRDA:218,27,1,39
BRDA:219,28,0,3
BRDA:219,28,1,36
BRDA:229,29,0,4
BRDA:229,29,1,32
BRDA:229,30,0,36
BRDA:229,30,1,5
BRDA:233,31,0,2
BRDA:233,31,1,2
BRDA:242,32,0,28
BRDA:242,32,1,5
BRDA:252,33,0,16
BRDA:252,33,1,4
BRDA:252,34,0,20
BRDA:252,34,1,4
BRDA:261,35,0,12
BRDA:261,35,1,4
BRDA:272,36,0,8
BRDA:272,36,1,5
BRDA:272,37,0,13
BRDA:272,37,1,6
BRDA:286,38,0,5
BRDA:286,38,1,54
BRDA:290,39,0,50
BRDA:290,39,1,3
BRDA:290,40,0,53
BRDA:290,40,1,52
BRDA:290,40,2,51
BRDA:307,41,0,6
BRDA:307,41,1,44
BRDA:311,42,0,39
BRDA:311,42,1,21
BRDA:312,43,0,8
BRDA:312,43,1,13
BRDA:317,44,0,95
BRDA:317,44,1,62
BRDA:317,45,0,157
BRDA:317,45,1,102
BRDA:333,46,0,44
BRDA:333,46,1,29
BRDA:335,47,0,44
BRDA:335,47,1,29
BRDA:339,48,0,68
BRDA:339,48,1,1
BRDA:339,49,0,69
BRDA:339,49,1,69
BRDA:339,49,2,69
BRDA:341,50,0,16
BRDA:341,50,1,52
BRDA:370,51,0,1
BRDA:370,51,1,170
BRDA:373,52,0,167
BRDA:373,52,1,3
BRDA:373,53,0,170
BRDA:373,53,1,170
BRDA:373,53,2,168
BRDA:389,54,0,3
BRDA:389,54,1,30
BRDA:390,55,0,33
BRDA:390,55,1,32
BRDA:390,55,2,31
BRDA:398,56,0,3
BRDA:398,56,1,27
BRDA:414,57,0,167
BRDA:414,57,1,2
BRDA:414,58,0,169
BRDA:414,58,1,169
BRDA:414,58,2,168
BRDA:423,59,0,1
BRDA:423,59,1,4
BRDA:423,60,0,5
BRDA:423,60,1,5
BRDA:453,61,0,2
BRDA:453,61,1,1
BRF:130
BRH:124
end_of_record
