TN:
SF:main.ts
FN:55,(anonymous_0)
FN:63,(anonymous_1)
FN:83,(anonymous_3)
FN:84,(anonymous_4)
FN:92,(anonymous_5)
FN:105,(anonymous_6)
FN:112,(anonymous_7)
FN:115,(anonymous_8)
FN:124,(anonymous_9)
FN:130,(anonymous_10)
FN:132,(anonymous_11)
FN:135,(anonymous_12)
FN:143,(anonymous_13)
FN:143,(anonymous_14)
FN:164,(anonymous_15)
FN:199,(anonymous_17)
FN:256,(anonymous_19)
FN:288,(anonymous_21)
FN:312,(anonymous_23)
FN:319,(anonymous_24)
FN:325,(anonymous_25)
FN:329,(anonymous_26)
FN:360,(anonymous_28)
FN:370,(anonymous_30)
FN:377,(anonymous_32)
FN:393,(anonymous_34)
FN:397,(anonymous_36)
FN:417,(anonymous_37)
FN:447,(anonymous_39)
FN:461,(anonymous_41)
FN:471,(anonymous_42)
FNF:31
FNH:30
FNDA:0,(anonymous_0)
FNDA:3,(anonymous_1)
FNDA:9,(anonymous_3)
FNDA:1,(anonymous_4)
FNDA:2,(anonymous_5)
FNDA:1,(anonymous_6)
FNDA:6,(anonymous_7)
FNDA:2,(anonymous_8)
FNDA:15,(anonymous_9)
FNDA:10,(anonymous_10)
FNDA:1,(anonymous_11)
FNDA:10,(anonymous_12)
FNDA:17,(anonymous_13)
FNDA:17,(anonymous_14)
FNDA:11,(anonymous_15)
FNDA:47,(anonymous_17)
FNDA:13,(anonymous_19)
FNDA:60,(anonymous_21)
FNDA:50,(anonymous_23)
FNDA:60,(anonymous_24)
FNDA:157,(anonymous_25)
FNDA:73,(anonymous_26)
FNDA:36,(anonymous_28)
FNDA:25,(anonymous_30)
FNDA:172,(anonymous_32)
FNDA:2,(anonymous_34)
FNDA:33,(anonymous_36)
FNDA:172,(anonymous_37)
FNDA:45,(anonymous_39)
FNDA:3,(anonymous_41)
FNDA:3,(anonymous_42)
DA:1,11
DA:37,11
DA:47,11
DA:51,11
DA:55,11
DA:57,0
DA:58,0
DA:60,11
DA:61,0
DA:64,3
DA:65,3
DA:66,2
DA:67,2
DA:68,2
DA:70,1
DA:71,1
DA:74,1
DA:77,2
DA:78,2
DA:79,2
DA:84,9
DA:85,1
DA:86,1
DA:89,9
DA:93,2
DA:94,2
DA:95,1
DA:97,1
DA:102,9
DA:106,1
DA:107,1
DA:113,6
DA:114,3
DA:116,2
DA:117,1
DA:125,15
DA:126,15
DA:127,5
DA:130,15
DA:131,10
DA:133,1
DA:136,10
DA:140,15
DA:143,17
DA:144,17
DA:145,1
DA:148,16
DA:149,15
DA:151,15
DA:152,1
DA:153,14
DA:154,14
DA:156,14
DA:157,13
DA:159,1
DA:165,11
DA:166,1
DA:169,10
DA:171,10
DA:173,10
DA:174,10
DA:176,10
DA:177,13
DA:179,13
DA:180,11
DA:181,10
DA:182,7
DA:184,3
DA:185,3
DA:187,1
DA:188,1
DA:189,1
DA:194,10
DA:196,10
DA:200,47
DA:201,47
DA:202,47
DA:203,47
DA:204,47
DA:205,47
DA:207,47
DA:209,3
DA:210,3
DA:211,3
DA:212,3
DA:214,44
DA:215,1
DA:216,1
DA:218,43
DA:219,39
DA:220,3
DA:221,3
DA:224,36
DA:226,36
DA:228,36
DA:230,36
DA:232,4
DA:234,4
DA:235,2
DA:236,2
DA:238,2
DA:241,34
DA:243,33
DA:245,0
DA:247,0
DA:248,0
DA:250,0
DA:253,33
DA:257,13
DA:259,13
DA:260,20
DA:261,20
DA:262,16
DA:265,13
DA:266,13
DA:268,13
DA:269,16
DA:270,16
DA:271,12
DA:272,12
DA:274,4
DA:275,4
DA:279,13
DA:281,13
DA:282,8
DA:291,60
DA:292,60
DA:294,59
DA:295,59
DA:297,54
DA:298,54
DA:299,53
DA:300,50
DA:301,3
DA:303,1
DA:304,1
DA:307,1
DA:308,1
DA:313,50
DA:314,50
DA:316,50
DA:320,60
DA:321,21
DA:322,13
DA:326,157
DA:334,73
DA:335,73
DA:337,73
DA:347,70
DA:348,69
DA:349,68
DA:350,68
DA:351,16
DA:353,52
DA:355,1
DA:364,36
DA:371,25
DA:378,172
DA:379,171
DA:380,1
DA:382,170
DA:383,167
DA:384,167
DA:386,3
DA:394,2
DA:398,33
DA:403,3
DA:404,3
DA:407,30
DA:408,3
DA:411,3
DA:414,27
DA:418,172
DA:419,172
DA:422,170
DA:423,169
DA:424,167
DA:425,167
DA:427,2
DA:432,5
DA:433,1
DA:435,4
DA:439,168
DA:440,168
DA:443,0
DA:448,45
DA:449,45
DA:451,45
DA:452,45
DA:457,1
DA:462,3
DA:467,2
DA:472,3
DA:473,3
DA:475,3
LF:195
LH:187
BRDA:77,0,0,2
BRDA:77,0,1,0
BRDA:94,1,0,1
BRDA:94,1,1,1
BRDA:113,2,0,3
BRDA:113,2,1,3
BRDA:116,3,0,1
BRDA:116,3,1,1
BRDA:116,4,0,2
BRDA:116,4,1,2
BRDA:126,5,0,5
BRDA:126,5,1,10
BRDA:143,6,0,10
BRDA:144,7,0,1
BRDA:144,7,1,16
BRDA:151,8,0,1
BRDA:151,8,1,14
BRDA:152,9,0,1
BRDA:152,9,1,0
BRDA:153,10,0,14
BRDA:153,10,1,0
BRDA:156,11,0,13
BRDA:156,11,1,1
BRDA:157,12,0,2
BRDA:157,12,1,11
BRDA:159,13,0,1
BRDA:159,13,1,0
BRDA:165,14,0,1
BRDA:165,14,1,10
BRDA:179,15,0,11
BRDA:179,15,1,2
BRDA:180,16,0,10
BRDA:180,16,1,1
BRDA:181,17,0,7
BRDA:181,17,1,3
BRDA:187,18,0,1
BRDA:187,18,1,0
BRDA:202,19,0,2
BRDA:202,19,1,45
BRDA:202,20,0,47
BRDA:202,20,1,45
BRDA:203,21,0,2
BRDA:203,21,1,45
BRDA:203,22,0,47
BRDA:203,22,1,45
BRDA:207,23,0,3
BRDA:207,23,1,44
BRDA:207,24,0,47
BRDA:207,24,1,8
BRDA:207,24,2,7
BRDA:207,24,3,6
BRDA:211,25,0,3
BRDA:211,25,1,0
BRDA:214,26,0,1
BRDA:214,26,1,43
BRDA:218,27,0,4
BRDA:218,27,1,39
BRDA:219,28,0,3
BRDA:219,28,1,36
BRDA:226,29,0,36
BRDA:226,29,1,0
BRDA:230,30,0,4
BRDA:230,30,1,32
BRDA:230,31,0,36
BRDA:230,31,1,5
BRDA:234,32,0,2
BRDA:234,32,1,2
BRDA:243,33,0,28
BRDA:243,33,1,5
BRDA:245,34,0,0
BRDA:245,34,1,0
BRDA:250,35,0,0
BRDA:250,35,1,0
BRDA:261,36,0,16
BRDA:261,36,1,4
BRDA:261,37,0,20
BRDA:261,37,1,4
BRDA:270,38,0,12
BRDA:270,38,1,4
BRDA:281,39,0,8
BRDA:281,39,1,5
BRDA:281,40,0,13
BRDA:281,40,1,6
BRDA:295,41,0,5
BRDA:295,41,1,54
BRDA:299,42,0,50
BRDA:299,42,1,3
BRDA:299,43,0,53
BRDA:299,43,1,52
BRDA:299,43,2,51
BRDA:316,44,0,6
BRDA:316,44,1,44
BRDA:320,45,0,39
BRDA:320,45,1,21
BRDA:321,46,0,8
BRDA:321,46,1,13
BRDA:326,47,0,95
BRDA:326,47,1,62
BRDA:326,48,0,157
BRDA:326,48,1,102
BRDA:342,49,0,44
BRDA:342,49,1,29
BRDA:344,50,0,44
BRDA:344,50,1,29
BRDA:348,51,0,68
BRDA:348,51,1,1
BRDA:348,52,0,69
BRDA:348,52,1,69
BRDA:348,52,2,69
BRDA:350,53,0,16
BRDA:350,53,1,52
BRDA:379,54,0,1
BRDA:379,54,1,170
BRDA:382,55,0,167
BRDA:382,55,1,3
BRDA:382,56,0,170
BRDA:382,56,1,170
BRDA:382,56,2,168
BRDA:398,57,0,3
BRDA:398,57,1,30
BRDA:399,58,0,33
BRDA:399,58,1,32
BRDA:399,58,2,31
BRDA:407,59,0,3
BRDA:407,59,1,27
BRDA:423,60,0,167
BRDA:423,60,1,2
BRDA:423,61,0,169
BRDA:423,61,1,169
BRDA:423,61,2,168
BRDA:432,62,0,1
BRDA:432,62,1,4
BRDA:432,63,0,5
BRDA:432,63,1,5
BRDA:462,64,0,2
BRDA:462,64,1,1
BRF:136
BRH:125
end_of_record
